<?xml version="1.0" encoding="UTF-8"?>
<!-- Generated by org.testng.reporters.JUnitXMLReporter -->
<testsuite hostname="CPX-ANXXTNSGFUP" ignored="0" name="Test-class test 2" tests="1" failures="0" timestamp="14 paÅº 2019 11:24:39 GMT" time="0.046" errors="0">
  <testcase name="testMethodOne" time="0.008" classname="Test.ParallelSuiteTest"/>
</testsuite> <!-- Test-class test 2 -->
