<?xml version="1.0" encoding="UTF-8"?>
<!-- Generated by org.testng.reporters.JUnitReportReporter -->
<testsuite skipped="0" hostname="CPX-ANXXTNSGFUP" name="Test.ParameterizedTest1" tests="1" failures="0" timestamp="14 paÅº 2019 11:12:50 GMT" time="0.013" errors="0">
  <testcase name="parameterTest" time="0.013" classname="Test.ParameterizedTest1"/>
</testsuite> <!-- Test.ParameterizedTest1 -->
