<?xml version="1.0" encoding="UTF-8"?>
<!-- Generated by org.testng.reporters.JUnitReportReporter -->
<testsuite skipped="0" hostname="CPX-ANXXTNSGFUP" name="Test.ParallelSuiteTest" tests="2" failures="0" timestamp="14 paÅº 2019 11:24:39 GMT" time="0.015" errors="0">
  <testcase name="testMethodOne" time="0.007" classname="Test.ParallelSuiteTest"/>
  <testcase name="testMethodOne" time="0.008" classname="Test.ParallelSuiteTest"/>
</testsuite> <!-- Test.ParallelSuiteTest -->
