<?xml version="1.0" encoding="UTF-8"?>
<!-- Generated by org.testng.reporters.JUnitReportReporter -->
<testsuite skipped="0" hostname="CPX-ANXXTNSGFUP" name="Test.ParallelClassesTestOne" tests="2" failures="0" timestamp="14 paÅº 2019 11:29:35 GMT" time="0.010" errors="0">
  <testcase name="testMethodOne" time="0.006" classname="Test.ParallelClassesTestOne"/>
  <testcase name="testMethodTwo" time="0.004" classname="Test.ParallelClassesTestOne"/>
</testsuite> <!-- Test.ParallelClassesTestOne -->
