<?xml version="1.0" encoding="UTF-8"?>
<!-- Generated by org.testng.reporters.JUnitReportReporter -->
<testsuite skipped="0" hostname="CPX-ANXXTNSGFUP" name="Test.Test1" tests="1" failures="0" timestamp="14 paÅº 2019 11:19:13 GMT" time="0.019" errors="0">
  <testcase name="testPrintMessage" time="0.019" classname="Test.Test1"/>
</testsuite> <!-- Test.Test1 -->
