<?xml version="1.0" encoding="UTF-8"?>
<!-- Generated by org.testng.reporters.JUnitReportReporter -->
<testsuite skipped="0" hostname="CPX-ANXXTNSGFUP" name="Test.ParallelClassesTestTwo" tests="2" failures="0" timestamp="14 paÅº 2019 11:29:27 GMT" time="0.010" errors="0">
  <testcase name="testMethodOne" time="0.009" classname="Test.ParallelClassesTestTwo"/>
  <testcase name="testMethodTwo" time="0.001" classname="Test.ParallelClassesTestTwo"/>
</testsuite> <!-- Test.ParallelClassesTestTwo -->
