<?xml version="1.0" encoding="UTF-8"?>
<!-- Generated by org.testng.reporters.JUnitReportReporter -->
<testsuite skipped="0" hostname="CPX-ANXXTNSGFUP" name="Test.Test2" tests="1" failures="0" timestamp="14 paÅº 2019 11:19:13 GMT" time="0.018" errors="0">
  <testcase name="testSalutationMessage" time="0.018" classname="Test.Test2"/>
</testsuite> <!-- Test.Test2 -->
